<component name="libraryTable">
  <library name="junit-4.9">
    <CLASSES>
      <root url="jar://E:/BaiduYunDownload/黑马程序员_Springmvc+Mybatis由浅入深全套视频教程-资料/mybatis/day01/res/jar包/junit4.9/junit-4.9.jar!/" />
    </CLASSES>
    <JAVADOC />
    <SOURCES />
  </library>
</component>